<?xml version="1.0" encoding="UTF-8"?>
<testsuite name="com.bridgelabz.InvoiceServiceTest" tests="1" skipped="0" failures="0" errors="0" timestamp="2021-08-10T07:41:18" hostname="DESKTOP-1A5CKOQ" time="0.01">
  <properties/>
  <testcase name="givenUserId_ShouldReturnInvoiceSummary" classname="com.bridgelabz.InvoiceServiceTest" time="0.01"/>
  <system-out><![CDATA[]]></system-out>
  <system-err><![CDATA[]]></system-err>
</testsuite>
