<?xml version="1.0" encoding="UTF-8"?>
<testsuite name="com.bridgelabz.InvoiceServiceTest" tests="2" skipped="0" failures="0" errors="0" timestamp="2021-08-09T13:55:03" hostname="DESKTOP-1A5CKOQ" time="0.03">
  <properties/>
  <testcase name="WhenGivenLessDistanceAndTimeShouldReturnMiniFare" classname="com.bridgelabz.InvoiceServiceTest" time="0.026"/>
  <testcase name="whenGivenDistanceAndTimeShouldReturnTotalFare" classname="com.bridgelabz.InvoiceServiceTest" time="0.001"/>
  <system-out><![CDATA[]]></system-out>
  <system-err><![CDATA[]]></system-err>
</testsuite>
