<?xml version="1.0" encoding="UTF-8"?>
<testsuite name="com.bridgelabz.InvoiceServiceTest" tests="1" skipped="0" failures="0" errors="0" timestamp="2021-08-09T14:08:53" hostname="DESKTOP-1A5CKOQ" time="0.022">
  <properties/>
  <testcase name="whenGivenMultipleRidesShouldReturnTotalFare" classname="com.bridgelabz.InvoiceServiceTest" time="0.022"/>
  <system-out><![CDATA[Total Fare = 30.0
]]></system-out>
  <system-err><![CDATA[]]></system-err>
</testsuite>
